{"/Users/bohdantytsky/Desktop/projects/3dManage/server.js": {"path":"/Users/bohdantytsky/Desktop/projects/3dManage/server.js","statementMap":{"0":{"start":{"line":1,"column":0},"end":{"line":1,"column":27}},"1":{"start":{"line":2,"column":16},"end":{"line":2,"column":34}},"2":{"start":{"line":3,"column":17},"end":{"line":3,"column":36}},"3":{"start":{"line":4,"column":13},"end":{"line":4,"column":28}},"4":{"start":{"line":5,"column":12},"end":{"line":5,"column":21}},"5":{"start":{"line":6,"column":13},"end":{"line":6,"column":37}},"6":{"start":{"line":8,"column":0},"end":{"line":8,"column":24}},"7":{"start":{"line":9,"column":0},"end":{"line":9,"column":67}},"8":{"start":{"line":12,"column":0},"end":{"line":18,"column":3}},"9":{"start":{"line":13,"column":4},"end":{"line":16,"column":6}},"10":{"start":{"line":17,"column":4},"end":{"line":17,"column":11}},"11":{"start":{"line":21,"column":0},"end":{"line":21,"column":56}},"12":{"start":{"line":24,"column":0},"end":{"line":26,"column":3}},"13":{"start":{"line":25,"column":4},"end":{"line":25,"column":26}},"14":{"start":{"line":31,"column":20},"end":{"line":31,"column":83}},"15":{"start":{"line":33,"column":0},"end":{"line":35,"column":73}},"16":{"start":{"line":34,"column":16},"end":{"line":34,"column":63}},"17":{"start":{"line":35,"column":18},"end":{"line":35,"column":71}},"18":{"start":{"line":41,"column":20},"end":{"line":44,"column":18}},"19":{"start":{"line":46,"column":24},"end":{"line":54,"column":25}},"20":{"start":{"line":47,"column":39},"end":{"line":47,"column":79}},"21":{"start":{"line":56,"column":20},"end":{"line":61,"column":25}},"22":{"start":{"line":57,"column":39},"end":{"line":57,"column":79}},"23":{"start":{"line":63,"column":20},"end":{"line":72,"column":25}},"24":{"start":{"line":74,"column":23},"end":{"line":79,"column":25}},"25":{"start":{"line":81,"column":18},"end":{"line":81,"column":62}},"26":{"start":{"line":82,"column":19},"end":{"line":82,"column":60}},"27":{"start":{"line":83,"column":14},"end":{"line":83,"column":39}},"28":{"start":{"line":84,"column":17},"end":{"line":84,"column":59}},"29":{"start":{"line":92,"column":0},"end":{"line":97,"column":3}},"30":{"start":{"line":93,"column":4},"end":{"line":96,"column":63}},"31":{"start":{"line":94,"column":25},"end":{"line":94,"column":74}},"32":{"start":{"line":95,"column":8},"end":{"line":95,"column":33}},"33":{"start":{"line":96,"column":18},"end":{"line":96,"column":61}},"34":{"start":{"line":99,"column":0},"end":{"line":104,"column":3}},"35":{"start":{"line":100,"column":4},"end":{"line":103,"column":63}},"36":{"start":{"line":101,"column":8},"end":{"line":101,"column":106}},"37":{"start":{"line":102,"column":8},"end":{"line":102,"column":36}},"38":{"start":{"line":103,"column":18},"end":{"line":103,"column":61}},"39":{"start":{"line":108,"column":0},"end":{"line":113,"column":3}},"40":{"start":{"line":109,"column":4},"end":{"line":112,"column":63}},"41":{"start":{"line":110,"column":22},"end":{"line":110,"column":54}},"42":{"start":{"line":111,"column":8},"end":{"line":111,"column":24}},"43":{"start":{"line":112,"column":18},"end":{"line":112,"column":61}},"44":{"start":{"line":115,"column":0},"end":{"line":120,"column":3}},"45":{"start":{"line":116,"column":4},"end":{"line":119,"column":63}},"46":{"start":{"line":117,"column":8},"end":{"line":117,"column":41}},"47":{"start":{"line":118,"column":8},"end":{"line":118,"column":36}},"48":{"start":{"line":119,"column":18},"end":{"line":119,"column":61}},"49":{"start":{"line":122,"column":0},"end":{"line":127,"column":3}},"50":{"start":{"line":123,"column":4},"end":{"line":126,"column":63}},"51":{"start":{"line":124,"column":8},"end":{"line":124,"column":74}},"52":{"start":{"line":125,"column":8},"end":{"line":125,"column":36}},"53":{"start":{"line":126,"column":18},"end":{"line":126,"column":61}},"54":{"start":{"line":129,"column":0},"end":{"line":134,"column":3}},"55":{"start":{"line":130,"column":4},"end":{"line":133,"column":63}},"56":{"start":{"line":131,"column":8},"end":{"line":131,"column":64}},"57":{"start":{"line":132,"column":8},"end":{"line":132,"column":36}},"58":{"start":{"line":133,"column":18},"end":{"line":133,"column":61}},"59":{"start":{"line":138,"column":0},"end":{"line":143,"column":3}},"60":{"start":{"line":139,"column":4},"end":{"line":142,"column":63}},"61":{"start":{"line":140,"column":23},"end":{"line":140,"column":74}},"62":{"start":{"line":141,"column":8},"end":{"line":141,"column":25}},"63":{"start":{"line":142,"column":18},"end":{"line":142,"column":61}},"64":{"start":{"line":145,"column":0},"end":{"line":150,"column":3}},"65":{"start":{"line":146,"column":4},"end":{"line":149,"column":63}},"66":{"start":{"line":147,"column":8},"end":{"line":147,"column":42}},"67":{"start":{"line":148,"column":8},"end":{"line":148,"column":36}},"68":{"start":{"line":149,"column":18},"end":{"line":149,"column":61}},"69":{"start":{"line":152,"column":0},"end":{"line":157,"column":3}},"70":{"start":{"line":153,"column":4},"end":{"line":156,"column":63}},"71":{"start":{"line":154,"column":8},"end":{"line":154,"column":75}},"72":{"start":{"line":155,"column":8},"end":{"line":155,"column":36}},"73":{"start":{"line":156,"column":18},"end":{"line":156,"column":61}},"74":{"start":{"line":159,"column":0},"end":{"line":164,"column":3}},"75":{"start":{"line":160,"column":4},"end":{"line":163,"column":63}},"76":{"start":{"line":161,"column":8},"end":{"line":161,"column":65}},"77":{"start":{"line":162,"column":8},"end":{"line":162,"column":36}},"78":{"start":{"line":163,"column":18},"end":{"line":163,"column":61}},"79":{"start":{"line":168,"column":0},"end":{"line":173,"column":3}},"80":{"start":{"line":169,"column":4},"end":{"line":172,"column":63}},"81":{"start":{"line":170,"column":23},"end":{"line":170,"column":69}},"82":{"start":{"line":171,"column":8},"end":{"line":171,"column":25}},"83":{"start":{"line":172,"column":18},"end":{"line":172,"column":61}},"84":{"start":{"line":175,"column":0},"end":{"line":180,"column":3}},"85":{"start":{"line":176,"column":4},"end":{"line":179,"column":63}},"86":{"start":{"line":177,"column":8},"end":{"line":177,"column":37}},"87":{"start":{"line":178,"column":8},"end":{"line":178,"column":36}},"88":{"start":{"line":179,"column":18},"end":{"line":179,"column":61}},"89":{"start":{"line":182,"column":0},"end":{"line":187,"column":3}},"90":{"start":{"line":183,"column":4},"end":{"line":186,"column":63}},"91":{"start":{"line":184,"column":8},"end":{"line":184,"column":70}},"92":{"start":{"line":185,"column":8},"end":{"line":185,"column":36}},"93":{"start":{"line":186,"column":18},"end":{"line":186,"column":61}},"94":{"start":{"line":189,"column":0},"end":{"line":194,"column":3}},"95":{"start":{"line":190,"column":4},"end":{"line":193,"column":63}},"96":{"start":{"line":191,"column":8},"end":{"line":191,"column":60}},"97":{"start":{"line":192,"column":8},"end":{"line":192,"column":36}},"98":{"start":{"line":193,"column":18},"end":{"line":193,"column":61}},"99":{"start":{"line":198,"column":0},"end":{"line":213,"column":3}},"100":{"start":{"line":199,"column":4},"end":{"line":212,"column":63}},"101":{"start":{"line":200,"column":52},"end":{"line":200,"column":60}},"102":{"start":{"line":202,"column":20},"end":{"line":202,"column":63}},"103":{"start":{"line":203,"column":8},"end":{"line":203,"column":59}},"104":{"start":{"line":203,"column":18},"end":{"line":203,"column":59}},"105":{"start":{"line":205,"column":22},"end":{"line":205,"column":60}},"106":{"start":{"line":205,"column":43},"end":{"line":205,"column":59}},"107":{"start":{"line":206,"column":8},"end":{"line":206,"column":61}},"108":{"start":{"line":206,"column":20},"end":{"line":206,"column":61}},"109":{"start":{"line":208,"column":8},"end":{"line":208,"column":43}},"110":{"start":{"line":210,"column":8},"end":{"line":210,"column":25}},"111":{"start":{"line":211,"column":8},"end":{"line":211,"column":36}},"112":{"start":{"line":212,"column":18},"end":{"line":212,"column":61}},"113":{"start":{"line":216,"column":0},"end":{"line":216,"column":21}},"114":{"start":{"line":219,"column":0},"end":{"line":223,"column":1}},"115":{"start":{"line":220,"column":4},"end":{"line":222,"column":7}},"116":{"start":{"line":221,"column":8},"end":{"line":221,"column":74}}},"fnMap":{"0":{"name":"(anonymous_0)","decl":{"start":{"line":12,"column":8},"end":{"line":12,"column":9}},"loc":{"start":{"line":12,"column":28},"end":{"line":18,"column":1}},"line":12},"1":{"name":"(anonymous_1)","decl":{"start":{"line":24,"column":61},"end":{"line":24,"column":62}},"loc":{"start":{"line":24,"column":75},"end":{"line":26,"column":1}},"line":24},"2":{"name":"(anonymous_2)","decl":{"start":{"line":34,"column":10},"end":{"line":34,"column":11}},"loc":{"start":{"line":34,"column":16},"end":{"line":34,"column":63}},"line":34},"3":{"name":"(anonymous_3)","decl":{"start":{"line":35,"column":11},"end":{"line":35,"column":12}},"loc":{"start":{"line":35,"column":18},"end":{"line":35,"column":71}},"line":35},"4":{"name":"(anonymous_4)","decl":{"start":{"line":47,"column":33},"end":{"line":47,"column":34}},"loc":{"start":{"line":47,"column":39},"end":{"line":47,"column":79}},"line":47},"5":{"name":"(anonymous_5)","decl":{"start":{"line":57,"column":33},"end":{"line":57,"column":34}},"loc":{"start":{"line":57,"column":39},"end":{"line":57,"column":79}},"line":57},"6":{"name":"(anonymous_6)","decl":{"start":{"line":92,"column":25},"end":{"line":92,"column":26}},"loc":{"start":{"line":92,"column":45},"end":{"line":97,"column":1}},"line":92},"7":{"name":"(anonymous_7)","decl":{"start":{"line":99,"column":26},"end":{"line":99,"column":27}},"loc":{"start":{"line":99,"column":46},"end":{"line":104,"column":1}},"line":99},"8":{"name":"(anonymous_8)","decl":{"start":{"line":108,"column":26},"end":{"line":108,"column":27}},"loc":{"start":{"line":108,"column":46},"end":{"line":113,"column":1}},"line":108},"9":{"name":"(anonymous_9)","decl":{"start":{"line":115,"column":27},"end":{"line":115,"column":28}},"loc":{"start":{"line":115,"column":47},"end":{"line":120,"column":1}},"line":115},"10":{"name":"(anonymous_10)","decl":{"start":{"line":122,"column":30},"end":{"line":122,"column":31}},"loc":{"start":{"line":122,"column":50},"end":{"line":127,"column":1}},"line":122},"11":{"name":"(anonymous_11)","decl":{"start":{"line":129,"column":33},"end":{"line":129,"column":34}},"loc":{"start":{"line":129,"column":53},"end":{"line":134,"column":1}},"line":129},"12":{"name":"(anonymous_12)","decl":{"start":{"line":138,"column":23},"end":{"line":138,"column":24}},"loc":{"start":{"line":138,"column":43},"end":{"line":143,"column":1}},"line":138},"13":{"name":"(anonymous_13)","decl":{"start":{"line":145,"column":24},"end":{"line":145,"column":25}},"loc":{"start":{"line":145,"column":44},"end":{"line":150,"column":1}},"line":145},"14":{"name":"(anonymous_14)","decl":{"start":{"line":152,"column":27},"end":{"line":152,"column":28}},"loc":{"start":{"line":152,"column":47},"end":{"line":157,"column":1}},"line":152},"15":{"name":"(anonymous_15)","decl":{"start":{"line":159,"column":30},"end":{"line":159,"column":31}},"loc":{"start":{"line":159,"column":50},"end":{"line":164,"column":1}},"line":159},"16":{"name":"(anonymous_16)","decl":{"start":{"line":168,"column":23},"end":{"line":168,"column":24}},"loc":{"start":{"line":168,"column":43},"end":{"line":173,"column":1}},"line":168},"17":{"name":"(anonymous_17)","decl":{"start":{"line":175,"column":24},"end":{"line":175,"column":25}},"loc":{"start":{"line":175,"column":44},"end":{"line":180,"column":1}},"line":175},"18":{"name":"(anonymous_18)","decl":{"start":{"line":182,"column":27},"end":{"line":182,"column":28}},"loc":{"start":{"line":182,"column":47},"end":{"line":187,"column":1}},"line":182},"19":{"name":"(anonymous_19)","decl":{"start":{"line":189,"column":30},"end":{"line":189,"column":31}},"loc":{"start":{"line":189,"column":50},"end":{"line":194,"column":1}},"line":189},"20":{"name":"(anonymous_20)","decl":{"start":{"line":198,"column":26},"end":{"line":198,"column":27}},"loc":{"start":{"line":198,"column":46},"end":{"line":213,"column":1}},"line":198},"21":{"name":"(anonymous_21)","decl":{"start":{"line":205,"column":38},"end":{"line":205,"column":39}},"loc":{"start":{"line":205,"column":43},"end":{"line":205,"column":59}},"line":205},"22":{"name":"(anonymous_22)","decl":{"start":{"line":220,"column":21},"end":{"line":220,"column":22}},"loc":{"start":{"line":220,"column":27},"end":{"line":222,"column":5}},"line":220}},"branchMap":{"0":{"loc":{"start":{"line":6,"column":13},"end":{"line":6,"column":37}},"type":"binary-expr","locations":[{"start":{"line":6,"column":13},"end":{"line":6,"column":29}},{"start":{"line":6,"column":33},"end":{"line":6,"column":37}}],"line":6},"1":{"loc":{"start":{"line":31,"column":20},"end":{"line":31,"column":83}},"type":"binary-expr","locations":[{"start":{"line":31,"column":20},"end":{"line":31,"column":43}},{"start":{"line":31,"column":47},"end":{"line":31,"column":83}}],"line":31},"2":{"loc":{"start":{"line":95,"column":17},"end":{"line":95,"column":31}},"type":"binary-expr","locations":[{"start":{"line":95,"column":17},"end":{"line":95,"column":25}},{"start":{"line":95,"column":29},"end":{"line":95,"column":31}}],"line":95},"3":{"loc":{"start":{"line":203,"column":8},"end":{"line":203,"column":59}},"type":"if","locations":[{"start":{"line":203,"column":8},"end":{"line":203,"column":59}},{"start":{},"end":{}}],"line":203},"4":{"loc":{"start":{"line":206,"column":8},"end":{"line":206,"column":61}},"type":"if","locations":[{"start":{"line":206,"column":8},"end":{"line":206,"column":61}},{"start":{},"end":{}}],"line":206},"5":{"loc":{"start":{"line":219,"column":0},"end":{"line":223,"column":1}},"type":"if","locations":[{"start":{"line":219,"column":0},"end":{"line":223,"column":1}},{"start":{},"end":{}}],"line":219}},"s":{"0":1,"1":1,"2":1,"3":1,"4":1,"5":1,"6":1,"7":1,"8":1,"9":3,"10":3,"11":1,"12":1,"13":0,"14":1,"15":1,"16":1,"17":0,"18":1,"19":1,"20":0,"21":1,"22":0,"23":1,"24":1,"25":1,"26":1,"27":1,"28":1,"29":1,"30":0,"31":0,"32":0,"33":0,"34":1,"35":0,"36":0,"37":0,"38":0,"39":1,"40":1,"41":1,"42":1,"43":0,"44":1,"45":0,"46":0,"47":0,"48":0,"49":1,"50":0,"51":0,"52":0,"53":0,"54":1,"55":0,"56":0,"57":0,"58":0,"59":1,"60":0,"61":0,"62":0,"63":0,"64":1,"65":1,"66":1,"67":1,"68":0,"69":1,"70":0,"71":0,"72":0,"73":0,"74":1,"75":0,"76":0,"77":0,"78":0,"79":1,"80":0,"81":0,"82":0,"83":0,"84":1,"85":0,"86":0,"87":0,"88":0,"89":1,"90":0,"91":0,"92":0,"93":0,"94":1,"95":0,"96":0,"97":0,"98":0,"99":1,"100":1,"101":1,"102":1,"103":1,"104":1,"105":0,"106":0,"107":0,"108":0,"109":0,"110":0,"111":0,"112":0,"113":1,"114":1,"115":0,"116":0},"f":{"0":3,"1":0,"2":1,"3":0,"4":0,"5":0,"6":0,"7":0,"8":1,"9":0,"10":0,"11":0,"12":0,"13":1,"14":0,"15":0,"16":0,"17":0,"18":0,"19":0,"20":1,"21":0,"22":0},"b":{"0":[1,1],"1":[1,1],"2":[0,0],"3":[1,0],"4":[0,0],"5":[0,1]},"_coverageSchema":"1a1c01bbd47fc00a2c39e90264f33305004495a9","hash":"290213dbfbb223ce649fcbe69245436888ecc7cc"}
,"/Users/bohdantytsky/Desktop/projects/3dManage/models/Order.js": {"path":"/Users/bohdantytsky/Desktop/projects/3dManage/models/Order.js","statementMap":{"0":{"start":{"line":1,"column":17},"end":{"line":1,"column":36}},"1":{"start":{"line":3,"column":20},"end":{"line":18,"column":24}},"2":{"start":{"line":21,"column":0},"end":{"line":21,"column":79}}},"fnMap":{},"branchMap":{"0":{"loc":{"start":{"line":21,"column":17},"end":{"line":21,"column":78}},"type":"binary-expr","locations":[{"start":{"line":21,"column":17},"end":{"line":21,"column":38}},{"start":{"line":21,"column":42},"end":{"line":21,"column":78}}],"line":21}},"s":{"0":2,"1":2,"2":2},"f":{},"b":{"0":[2,2]},"_coverageSchema":"1a1c01bbd47fc00a2c39e90264f33305004495a9","hash":"7b6835044477933a511099fb23f2b38bd8bc8bdd"}
,"/Users/bohdantytsky/Desktop/projects/3dManage/models/Spool.js": {"path":"/Users/bohdantytsky/Desktop/projects/3dManage/models/Spool.js","statementMap":{"0":{"start":{"line":1,"column":17},"end":{"line":1,"column":36}},"1":{"start":{"line":3,"column":20},"end":{"line":9,"column":24}},"2":{"start":{"line":11,"column":0},"end":{"line":11,"column":54}}},"fnMap":{},"branchMap":{},"s":{"0":1,"1":1,"2":1},"f":{},"b":{},"_coverageSchema":"1a1c01bbd47fc00a2c39e90264f33305004495a9","hash":"1834be1cbb72eafd51f29fda202b89e6d39c1b07"}
,"/Users/bohdantytsky/Desktop/projects/3dManage/routes/api/analyticsRoutes.js": {"path":"/Users/bohdantytsky/Desktop/projects/3dManage/routes/api/analyticsRoutes.js","statementMap":{"0":{"start":{"line":1,"column":16},"end":{"line":1,"column":34}},"1":{"start":{"line":2,"column":15},"end":{"line":2,"column":31}},"2":{"start":{"line":3,"column":27},"end":{"line":3,"column":71}},"3":{"start":{"line":4,"column":23},"end":{"line":4,"column":64}},"4":{"start":{"line":6,"column":0},"end":{"line":11,"column":3}},"5":{"start":{"line":7,"column":4},"end":{"line":10,"column":67}},"6":{"start":{"line":8,"column":21},"end":{"line":8,"column":70}},"7":{"start":{"line":9,"column":8},"end":{"line":9,"column":23}},"8":{"start":{"line":10,"column":20},"end":{"line":10,"column":65}},"9":{"start":{"line":13,"column":0},"end":{"line":19,"column":3}},"10":{"start":{"line":14,"column":4},"end":{"line":18,"column":67}},"11":{"start":{"line":15,"column":38},"end":{"line":15,"column":47}},"12":{"start":{"line":16,"column":21},"end":{"line":16,"column":92}},"13":{"start":{"line":17,"column":8},"end":{"line":17,"column":23}},"14":{"start":{"line":18,"column":20},"end":{"line":18,"column":65}},"15":{"start":{"line":21,"column":0},"end":{"line":21,"column":24}}},"fnMap":{"0":{"name":"(anonymous_0)","decl":{"start":{"line":6,"column":36},"end":{"line":6,"column":37}},"loc":{"start":{"line":6,"column":56},"end":{"line":11,"column":1}},"line":6},"1":{"name":"(anonymous_1)","decl":{"start":{"line":13,"column":23},"end":{"line":13,"column":24}},"loc":{"start":{"line":13,"column":43},"end":{"line":19,"column":1}},"line":13}},"branchMap":{},"s":{"0":1,"1":1,"2":1,"3":1,"4":1,"5":0,"6":0,"7":0,"8":0,"9":1,"10":0,"11":0,"12":0,"13":0,"14":0,"15":1},"f":{"0":0,"1":0},"b":{},"_coverageSchema":"1a1c01bbd47fc00a2c39e90264f33305004495a9","hash":"657c87d09a6f620a853c13727b99fbbce6dc8f34"}
,"/Users/bohdantytsky/Desktop/projects/3dManage/services/financesService.js": {"path":"/Users/bohdantytsky/Desktop/projects/3dManage/services/financesService.js","statementMap":{"0":{"start":{"line":1,"column":14},"end":{"line":1,"column":40}},"1":{"start":{"line":4,"column":17},"end":{"line":4,"column":124}},"2":{"start":{"line":7,"column":20},"end":{"line":7,"column":72}},"3":{"start":{"line":7,"column":46},"end":{"line":7,"column":68}},"4":{"start":{"line":8,"column":25},"end":{"line":8,"column":84}},"5":{"start":{"line":8,"column":51},"end":{"line":8,"column":80}},"6":{"start":{"line":9,"column":28},"end":{"line":9,"column":90}},"7":{"start":{"line":9,"column":54},"end":{"line":9,"column":86}},"8":{"start":{"line":10,"column":25},"end":{"line":10,"column":88}},"9":{"start":{"line":10,"column":51},"end":{"line":10,"column":84}},"10":{"start":{"line":12,"column":24},"end":{"line":12,"column":79}},"11":{"start":{"line":14,"column":20},"end":{"line":14,"column":24}},"12":{"start":{"line":15,"column":16},"end":{"line":15,"column":30}},"13":{"start":{"line":16,"column":20},"end":{"line":16,"column":21}},"14":{"start":{"line":18,"column":4},"end":{"line":18,"column":51}},"15":{"start":{"line":18,"column":24},"end":{"line":18,"column":51}},"16":{"start":{"line":19,"column":4},"end":{"line":19,"column":51}},"17":{"start":{"line":19,"column":24},"end":{"line":19,"column":51}},"18":{"start":{"line":21,"column":24},"end":{"line":21,"column":39}},"19":{"start":{"line":22,"column":22},"end":{"line":22,"column":65}},"20":{"start":{"line":24,"column":4},"end":{"line":24,"column":142}},"21":{"start":{"line":27,"column":0},"end":{"line":27,"column":43}}},"fnMap":{"0":{"name":"getFinancialAnalytics","decl":{"start":{"line":3,"column":15},"end":{"line":3,"column":36}},"loc":{"start":{"line":3,"column":71},"end":{"line":25,"column":1}},"line":3},"1":{"name":"(anonymous_1)","decl":{"start":{"line":7,"column":32},"end":{"line":7,"column":33}},"loc":{"start":{"line":7,"column":46},"end":{"line":7,"column":68}},"line":7},"2":{"name":"(anonymous_2)","decl":{"start":{"line":8,"column":37},"end":{"line":8,"column":38}},"loc":{"start":{"line":8,"column":51},"end":{"line":8,"column":80}},"line":8},"3":{"name":"(anonymous_3)","decl":{"start":{"line":9,"column":40},"end":{"line":9,"column":41}},"loc":{"start":{"line":9,"column":54},"end":{"line":9,"column":86}},"line":9},"4":{"name":"(anonymous_4)","decl":{"start":{"line":10,"column":37},"end":{"line":10,"column":38}},"loc":{"start":{"line":10,"column":51},"end":{"line":10,"column":84}},"line":10}},"branchMap":{"0":{"loc":{"start":{"line":3,"column":57},"end":{"line":3,"column":69}},"type":"default-arg","locations":[{"start":{"line":3,"column":68},"end":{"line":3,"column":69}}],"line":3},"1":{"loc":{"start":{"line":7,"column":53},"end":{"line":7,"column":67}},"type":"binary-expr","locations":[{"start":{"line":7,"column":53},"end":{"line":7,"column":62}},{"start":{"line":7,"column":66},"end":{"line":7,"column":67}}],"line":7},"2":{"loc":{"start":{"line":8,"column":58},"end":{"line":8,"column":79}},"type":"binary-expr","locations":[{"start":{"line":8,"column":58},"end":{"line":8,"column":74}},{"start":{"line":8,"column":78},"end":{"line":8,"column":79}}],"line":8},"3":{"loc":{"start":{"line":9,"column":61},"end":{"line":9,"column":85}},"type":"binary-expr","locations":[{"start":{"line":9,"column":61},"end":{"line":9,"column":80}},{"start":{"line":9,"column":84},"end":{"line":9,"column":85}}],"line":9},"4":{"loc":{"start":{"line":10,"column":58},"end":{"line":10,"column":83}},"type":"binary-expr","locations":[{"start":{"line":10,"column":58},"end":{"line":10,"column":78}},{"start":{"line":10,"column":82},"end":{"line":10,"column":83}}],"line":10},"5":{"loc":{"start":{"line":18,"column":4},"end":{"line":18,"column":51}},"type":"if","locations":[{"start":{"line":18,"column":4},"end":{"line":18,"column":51}},{"start":{},"end":{}}],"line":18},"6":{"loc":{"start":{"line":19,"column":4},"end":{"line":19,"column":51}},"type":"if","locations":[{"start":{"line":19,"column":4},"end":{"line":19,"column":51}},{"start":{},"end":{}}],"line":19}},"s":{"0":2,"1":1,"2":1,"3":1,"4":1,"5":1,"6":1,"7":1,"8":1,"9":1,"10":1,"11":1,"12":1,"13":1,"14":1,"15":1,"16":1,"17":0,"18":1,"19":1,"20":1,"21":2},"f":{"0":1,"1":1,"2":1,"3":1,"4":1},"b":{"0":[0],"1":[1,0],"2":[1,0],"3":[1,0],"4":[1,0],"5":[1,0],"6":[0,1]},"_coverageSchema":"1a1c01bbd47fc00a2c39e90264f33305004495a9","hash":"e38a25ed23bb5e23c07e72471e9d753bd0b4591d"}
,"/Users/bohdantytsky/Desktop/projects/3dManage/services/procurementService.js": {"path":"/Users/bohdantytsky/Desktop/projects/3dManage/services/procurementService.js","statementMap":{"0":{"start":{"line":1,"column":14},"end":{"line":1,"column":40}},"1":{"start":{"line":2,"column":14},"end":{"line":2,"column":40}},"2":{"start":{"line":5,"column":26},"end":{"line":5,"column":36}},"3":{"start":{"line":6,"column":4},"end":{"line":6,"column":56}},"4":{"start":{"line":8,"column":26},"end":{"line":11,"column":6}},"5":{"start":{"line":13,"column":23},"end":{"line":16,"column":6}},"6":{"start":{"line":18,"column":19},"end":{"line":20,"column":6}},"7":{"start":{"line":22,"column":4},"end":{"line":50,"column":7}},"8":{"start":{"line":23,"column":25},"end":{"line":23,"column":43}},"9":{"start":{"line":24,"column":22},"end":{"line":24,"column":37}},"10":{"start":{"line":27,"column":31},"end":{"line":27,"column":108}},"11":{"start":{"line":27,"column":55},"end":{"line":27,"column":107}},"12":{"start":{"line":28,"column":30},"end":{"line":28,"column":84}},"13":{"start":{"line":31,"column":28},"end":{"line":31,"column":102}},"14":{"start":{"line":31,"column":49},"end":{"line":31,"column":101}},"15":{"start":{"line":32,"column":30},"end":{"line":32,"column":68}},"16":{"start":{"line":34,"column":31},"end":{"line":34,"column":78}},"17":{"start":{"line":35,"column":30},"end":{"line":35,"column":88}},"18":{"start":{"line":37,"column":21},"end":{"line":37,"column":34}},"19":{"start":{"line":38,"column":8},"end":{"line":40,"column":60}},"20":{"start":{"line":38,"column":32},"end":{"line":38,"column":55}},"21":{"start":{"line":39,"column":13},"end":{"line":40,"column":60}},"22":{"start":{"line":39,"column":37},"end":{"line":39,"column":59}},"23":{"start":{"line":40,"column":13},"end":{"line":40,"column":60}},"24":{"start":{"line":40,"column":38},"end":{"line":40,"column":60}},"25":{"start":{"line":42,"column":32},"end":{"line":42,"column":50}},"26":{"start":{"line":43,"column":34},"end":{"line":43,"column":125}},"27":{"start":{"line":45,"column":8},"end":{"line":49,"column":10}},"28":{"start":{"line":53,"column":0},"end":{"line":53,"column":44}}},"fnMap":{"0":{"name":"getProcurementForecast","decl":{"start":{"line":4,"column":15},"end":{"line":4,"column":37}},"loc":{"start":{"line":4,"column":40},"end":{"line":51,"column":1}},"line":4},"1":{"name":"(anonymous_1)","decl":{"start":{"line":22,"column":22},"end":{"line":22,"column":23}},"loc":{"start":{"line":22,"column":31},"end":{"line":50,"column":5}},"line":22},"2":{"name":"(anonymous_2)","decl":{"start":{"line":27,"column":50},"end":{"line":27,"column":51}},"loc":{"start":{"line":27,"column":55},"end":{"line":27,"column":107}},"line":27},"3":{"name":"(anonymous_3)","decl":{"start":{"line":31,"column":44},"end":{"line":31,"column":45}},"loc":{"start":{"line":31,"column":49},"end":{"line":31,"column":101}},"line":31}},"branchMap":{"0":{"loc":{"start":{"line":27,"column":55},"end":{"line":27,"column":107}},"type":"binary-expr","locations":[{"start":{"line":27,"column":55},"end":{"line":27,"column":82}},{"start":{"line":27,"column":86},"end":{"line":27,"column":107}}],"line":27},"1":{"loc":{"start":{"line":28,"column":30},"end":{"line":28,"column":84}},"type":"cond-expr","locations":[{"start":{"line":28,"column":48},"end":{"line":28,"column":77}},{"start":{"line":28,"column":81},"end":{"line":28,"column":84}}],"line":28},"2":{"loc":{"start":{"line":31,"column":49},"end":{"line":31,"column":101}},"type":"binary-expr","locations":[{"start":{"line":31,"column":49},"end":{"line":31,"column":76}},{"start":{"line":31,"column":80},"end":{"line":31,"column":101}}],"line":31},"3":{"loc":{"start":{"line":32,"column":30},"end":{"line":32,"column":68}},"type":"cond-expr","locations":[{"start":{"line":32,"column":44},"end":{"line":32,"column":64}},{"start":{"line":32,"column":67},"end":{"line":32,"column":68}}],"line":32},"4":{"loc":{"start":{"line":35,"column":30},"end":{"line":35,"column":88}},"type":"cond-expr","locations":[{"start":{"line":35,"column":51},"end":{"line":35,"column":81}},{"start":{"line":35,"column":85},"end":{"line":35,"column":88}}],"line":35},"5":{"loc":{"start":{"line":38,"column":8},"end":{"line":40,"column":60}},"type":"if","locations":[{"start":{"line":38,"column":8},"end":{"line":40,"column":60}},{"start":{"line":39,"column":13},"end":{"line":40,"column":60}}],"line":38},"6":{"loc":{"start":{"line":39,"column":13},"end":{"line":40,"column":60}},"type":"if","locations":[{"start":{"line":39,"column":13},"end":{"line":40,"column":60}},{"start":{"line":40,"column":13},"end":{"line":40,"column":60}}],"line":39},"7":{"loc":{"start":{"line":40,"column":13},"end":{"line":40,"column":60}},"type":"if","locations":[{"start":{"line":40,"column":13},"end":{"line":40,"column":60}},{"start":{},"end":{}}],"line":40},"8":{"loc":{"start":{"line":43,"column":34},"end":{"line":43,"column":125}},"type":"cond-expr","locations":[{"start":{"line":43,"column":69},"end":{"line":43,"column":121}},{"start":{"line":43,"column":124},"end":{"line":43,"column":125}}],"line":43}},"s":{"0":1,"1":1,"2":0,"3":0,"4":0,"5":0,"6":0,"7":0,"8":0,"9":0,"10":0,"11":0,"12":0,"13":0,"14":0,"15":0,"16":0,"17":0,"18":0,"19":0,"20":0,"21":0,"22":0,"23":0,"24":0,"25":0,"26":0,"27":0,"28":1},"f":{"0":0,"1":0,"2":0,"3":0},"b":{"0":[0,0],"1":[0,0],"2":[0,0],"3":[0,0],"4":[0,0],"5":[0,0],"6":[0,0],"7":[0,0],"8":[0,0]},"_coverageSchema":"1a1c01bbd47fc00a2c39e90264f33305004495a9","hash":"df2de582521974b3aad725fb06ae5104afb2d0f9"}
}
