{"/Users/bohdantytsky/Desktop/projects/3dManage/server.js": {"path":"/Users/bohdantytsky/Desktop/projects/3dManage/server.js","statementMap":{"0":{"start":{"line":1,"column":0},"end":{"line":1,"column":27}},"1":{"start":{"line":2,"column":16},"end":{"line":2,"column":34}},"2":{"start":{"line":3,"column":17},"end":{"line":3,"column":36}},"3":{"start":{"line":4,"column":13},"end":{"line":4,"column":28}},"4":{"start":{"line":5,"column":15},"end":{"line":5,"column":34}},"5":{"start":{"line":6,"column":12},"end":{"line":6,"column":35}},"6":{"start":{"line":8,"column":13},"end":{"line":8,"column":41}},"7":{"start":{"line":9,"column":13},"end":{"line":9,"column":37}},"8":{"start":{"line":10,"column":14},"end":{"line":10,"column":39}},"9":{"start":{"line":12,"column":12},"end":{"line":12,"column":21}},"10":{"start":{"line":13,"column":13},"end":{"line":13,"column":37}},"11":{"start":{"line":14,"column":19},"end":{"line":14,"column":72}},"12":{"start":{"line":16,"column":0},"end":{"line":16,"column":24}},"13":{"start":{"line":19,"column":0},"end":{"line":19,"column":67}},"14":{"start":{"line":21,"column":0},"end":{"line":27,"column":3}},"15":{"start":{"line":22,"column":4},"end":{"line":25,"column":6}},"16":{"start":{"line":26,"column":4},"end":{"line":26,"column":11}},"17":{"start":{"line":29,"column":0},"end":{"line":29,"column":56}},"18":{"start":{"line":31,"column":0},"end":{"line":33,"column":3}},"19":{"start":{"line":32,"column":4},"end":{"line":32,"column":26}},"20":{"start":{"line":35,"column":20},"end":{"line":35,"column":83}},"21":{"start":{"line":37,"column":0},"end":{"line":39,"column":75}},"22":{"start":{"line":38,"column":16},"end":{"line":38,"column":65}},"23":{"start":{"line":39,"column":18},"end":{"line":39,"column":73}},"24":{"start":{"line":45,"column":20},"end":{"line":48,"column":18}},"25":{"start":{"line":50,"column":24},"end":{"line":59,"column":25}},"26":{"start":{"line":51,"column":39},"end":{"line":51,"column":79}},"27":{"start":{"line":61,"column":20},"end":{"line":67,"column":25}},"28":{"start":{"line":62,"column":39},"end":{"line":62,"column":79}},"29":{"start":{"line":69,"column":23},"end":{"line":74,"column":25}},"30":{"start":{"line":76,"column":18},"end":{"line":76,"column":62}},"31":{"start":{"line":77,"column":19},"end":{"line":77,"column":60}},"32":{"start":{"line":78,"column":17},"end":{"line":78,"column":59}},"33":{"start":{"line":83,"column":0},"end":{"line":97,"column":3}},"34":{"start":{"line":84,"column":4},"end":{"line":96,"column":63}},"35":{"start":{"line":85,"column":46},"end":{"line":85,"column":54}},"36":{"start":{"line":86,"column":29},"end":{"line":86,"column":58}},"37":{"start":{"line":87,"column":8},"end":{"line":87,"column":104}},"38":{"start":{"line":87,"column":26},"end":{"line":87,"column":104}},"39":{"start":{"line":89,"column":21},"end":{"line":89,"column":45}},"40":{"start":{"line":90,"column":31},"end":{"line":90,"column":64}},"41":{"start":{"line":92,"column":21},"end":{"line":92,"column":85}},"42":{"start":{"line":93,"column":22},"end":{"line":93,"column":125}},"43":{"start":{"line":95,"column":8},"end":{"line":95,"column":53}},"44":{"start":{"line":96,"column":18},"end":{"line":96,"column":61}},"45":{"start":{"line":99,"column":0},"end":{"line":111,"column":3}},"46":{"start":{"line":100,"column":4},"end":{"line":110,"column":63}},"47":{"start":{"line":101,"column":36},"end":{"line":101,"column":44}},"48":{"start":{"line":102,"column":21},"end":{"line":102,"column":50}},"49":{"start":{"line":103,"column":8},"end":{"line":103,"column":88}},"50":{"start":{"line":103,"column":19},"end":{"line":103,"column":88}},"51":{"start":{"line":105,"column":24},"end":{"line":105,"column":69}},"52":{"start":{"line":106,"column":8},"end":{"line":106,"column":91}},"53":{"start":{"line":106,"column":22},"end":{"line":106,"column":91}},"54":{"start":{"line":108,"column":22},"end":{"line":108,"column":125}},"55":{"start":{"line":109,"column":8},"end":{"line":109,"column":53}},"56":{"start":{"line":110,"column":18},"end":{"line":110,"column":61}},"57":{"start":{"line":118,"column":0},"end":{"line":123,"column":3}},"58":{"start":{"line":119,"column":4},"end":{"line":122,"column":63}},"59":{"start":{"line":120,"column":25},"end":{"line":120,"column":72}},"60":{"start":{"line":121,"column":8},"end":{"line":121,"column":33}},"61":{"start":{"line":122,"column":18},"end":{"line":122,"column":61}},"62":{"start":{"line":125,"column":0},"end":{"line":134,"column":3}},"63":{"start":{"line":126,"column":4},"end":{"line":133,"column":63}},"64":{"start":{"line":127,"column":8},"end":{"line":131,"column":10}},"65":{"start":{"line":132,"column":8},"end":{"line":132,"column":36}},"66":{"start":{"line":133,"column":18},"end":{"line":133,"column":61}},"67":{"start":{"line":137,"column":0},"end":{"line":142,"column":3}},"68":{"start":{"line":138,"column":4},"end":{"line":141,"column":63}},"69":{"start":{"line":139,"column":22},"end":{"line":139,"column":75}},"70":{"start":{"line":140,"column":8},"end":{"line":140,"column":24}},"71":{"start":{"line":141,"column":18},"end":{"line":141,"column":61}},"72":{"start":{"line":144,"column":0},"end":{"line":149,"column":3}},"73":{"start":{"line":145,"column":4},"end":{"line":148,"column":63}},"74":{"start":{"line":146,"column":8},"end":{"line":146,"column":69}},"75":{"start":{"line":147,"column":8},"end":{"line":147,"column":36}},"76":{"start":{"line":148,"column":18},"end":{"line":148,"column":61}},"77":{"start":{"line":151,"column":0},"end":{"line":156,"column":3}},"78":{"start":{"line":152,"column":4},"end":{"line":155,"column":63}},"79":{"start":{"line":153,"column":8},"end":{"line":153,"column":95}},"80":{"start":{"line":154,"column":8},"end":{"line":154,"column":36}},"81":{"start":{"line":155,"column":18},"end":{"line":155,"column":61}},"82":{"start":{"line":158,"column":0},"end":{"line":163,"column":3}},"83":{"start":{"line":159,"column":4},"end":{"line":162,"column":63}},"84":{"start":{"line":160,"column":8},"end":{"line":160,"column":85}},"85":{"start":{"line":161,"column":8},"end":{"line":161,"column":36}},"86":{"start":{"line":162,"column":18},"end":{"line":162,"column":61}},"87":{"start":{"line":166,"column":0},"end":{"line":171,"column":3}},"88":{"start":{"line":167,"column":4},"end":{"line":170,"column":63}},"89":{"start":{"line":168,"column":23},"end":{"line":168,"column":95}},"90":{"start":{"line":169,"column":8},"end":{"line":169,"column":25}},"91":{"start":{"line":170,"column":18},"end":{"line":170,"column":61}},"92":{"start":{"line":173,"column":0},"end":{"line":178,"column":3}},"93":{"start":{"line":174,"column":4},"end":{"line":177,"column":63}},"94":{"start":{"line":175,"column":8},"end":{"line":175,"column":70}},"95":{"start":{"line":176,"column":8},"end":{"line":176,"column":36}},"96":{"start":{"line":177,"column":18},"end":{"line":177,"column":61}},"97":{"start":{"line":180,"column":0},"end":{"line":185,"column":3}},"98":{"start":{"line":181,"column":4},"end":{"line":184,"column":63}},"99":{"start":{"line":182,"column":8},"end":{"line":182,"column":96}},"100":{"start":{"line":183,"column":8},"end":{"line":183,"column":36}},"101":{"start":{"line":184,"column":18},"end":{"line":184,"column":61}},"102":{"start":{"line":187,"column":0},"end":{"line":192,"column":3}},"103":{"start":{"line":188,"column":4},"end":{"line":191,"column":63}},"104":{"start":{"line":189,"column":8},"end":{"line":189,"column":86}},"105":{"start":{"line":190,"column":8},"end":{"line":190,"column":36}},"106":{"start":{"line":191,"column":18},"end":{"line":191,"column":61}},"107":{"start":{"line":195,"column":0},"end":{"line":200,"column":3}},"108":{"start":{"line":196,"column":4},"end":{"line":199,"column":63}},"109":{"start":{"line":197,"column":23},"end":{"line":197,"column":90}},"110":{"start":{"line":198,"column":8},"end":{"line":198,"column":25}},"111":{"start":{"line":199,"column":18},"end":{"line":199,"column":61}},"112":{"start":{"line":202,"column":0},"end":{"line":207,"column":3}},"113":{"start":{"line":203,"column":4},"end":{"line":206,"column":63}},"114":{"start":{"line":204,"column":8},"end":{"line":204,"column":65}},"115":{"start":{"line":205,"column":8},"end":{"line":205,"column":36}},"116":{"start":{"line":206,"column":18},"end":{"line":206,"column":61}},"117":{"start":{"line":209,"column":0},"end":{"line":214,"column":3}},"118":{"start":{"line":210,"column":4},"end":{"line":213,"column":63}},"119":{"start":{"line":211,"column":8},"end":{"line":211,"column":91}},"120":{"start":{"line":212,"column":8},"end":{"line":212,"column":36}},"121":{"start":{"line":213,"column":18},"end":{"line":213,"column":61}},"122":{"start":{"line":216,"column":0},"end":{"line":221,"column":3}},"123":{"start":{"line":217,"column":4},"end":{"line":220,"column":63}},"124":{"start":{"line":218,"column":8},"end":{"line":218,"column":81}},"125":{"start":{"line":219,"column":8},"end":{"line":219,"column":36}},"126":{"start":{"line":220,"column":18},"end":{"line":220,"column":61}},"127":{"start":{"line":224,"column":0},"end":{"line":239,"column":3}},"128":{"start":{"line":225,"column":4},"end":{"line":238,"column":63}},"129":{"start":{"line":226,"column":52},"end":{"line":226,"column":60}},"130":{"start":{"line":228,"column":20},"end":{"line":228,"column":84}},"131":{"start":{"line":229,"column":8},"end":{"line":229,"column":59}},"132":{"start":{"line":229,"column":18},"end":{"line":229,"column":59}},"133":{"start":{"line":231,"column":22},"end":{"line":231,"column":60}},"134":{"start":{"line":231,"column":43},"end":{"line":231,"column":59}},"135":{"start":{"line":232,"column":8},"end":{"line":232,"column":61}},"136":{"start":{"line":232,"column":20},"end":{"line":232,"column":61}},"137":{"start":{"line":234,"column":8},"end":{"line":234,"column":43}},"138":{"start":{"line":236,"column":8},"end":{"line":236,"column":25}},"139":{"start":{"line":237,"column":8},"end":{"line":237,"column":36}},"140":{"start":{"line":238,"column":18},"end":{"line":238,"column":61}},"141":{"start":{"line":241,"column":0},"end":{"line":241,"column":21}},"142":{"start":{"line":243,"column":0},"end":{"line":247,"column":1}},"143":{"start":{"line":244,"column":4},"end":{"line":246,"column":7}},"144":{"start":{"line":245,"column":8},"end":{"line":245,"column":77}}},"fnMap":{"0":{"name":"(anonymous_0)","decl":{"start":{"line":21,"column":8},"end":{"line":21,"column":9}},"loc":{"start":{"line":21,"column":28},"end":{"line":27,"column":1}},"line":21},"1":{"name":"(anonymous_1)","decl":{"start":{"line":31,"column":61},"end":{"line":31,"column":62}},"loc":{"start":{"line":31,"column":75},"end":{"line":33,"column":1}},"line":31},"2":{"name":"(anonymous_2)","decl":{"start":{"line":38,"column":10},"end":{"line":38,"column":11}},"loc":{"start":{"line":38,"column":16},"end":{"line":38,"column":65}},"line":38},"3":{"name":"(anonymous_3)","decl":{"start":{"line":39,"column":11},"end":{"line":39,"column":12}},"loc":{"start":{"line":39,"column":18},"end":{"line":39,"column":73}},"line":39},"4":{"name":"(anonymous_4)","decl":{"start":{"line":51,"column":33},"end":{"line":51,"column":34}},"loc":{"start":{"line":51,"column":39},"end":{"line":51,"column":79}},"line":51},"5":{"name":"(anonymous_5)","decl":{"start":{"line":62,"column":33},"end":{"line":62,"column":34}},"loc":{"start":{"line":62,"column":39},"end":{"line":62,"column":79}},"line":62},"6":{"name":"(anonymous_6)","decl":{"start":{"line":83,"column":31},"end":{"line":83,"column":32}},"loc":{"start":{"line":83,"column":51},"end":{"line":97,"column":1}},"line":83},"7":{"name":"(anonymous_7)","decl":{"start":{"line":99,"column":28},"end":{"line":99,"column":29}},"loc":{"start":{"line":99,"column":48},"end":{"line":111,"column":1}},"line":99},"8":{"name":"(anonymous_8)","decl":{"start":{"line":118,"column":31},"end":{"line":118,"column":32}},"loc":{"start":{"line":118,"column":51},"end":{"line":123,"column":1}},"line":118},"9":{"name":"(anonymous_9)","decl":{"start":{"line":125,"column":32},"end":{"line":125,"column":33}},"loc":{"start":{"line":125,"column":52},"end":{"line":134,"column":1}},"line":125},"10":{"name":"(anonymous_10)","decl":{"start":{"line":137,"column":32},"end":{"line":137,"column":33}},"loc":{"start":{"line":137,"column":52},"end":{"line":142,"column":1}},"line":137},"11":{"name":"(anonymous_11)","decl":{"start":{"line":144,"column":33},"end":{"line":144,"column":34}},"loc":{"start":{"line":144,"column":53},"end":{"line":149,"column":1}},"line":144},"12":{"name":"(anonymous_12)","decl":{"start":{"line":151,"column":36},"end":{"line":151,"column":37}},"loc":{"start":{"line":151,"column":56},"end":{"line":156,"column":1}},"line":151},"13":{"name":"(anonymous_13)","decl":{"start":{"line":158,"column":39},"end":{"line":158,"column":40}},"loc":{"start":{"line":158,"column":59},"end":{"line":163,"column":1}},"line":158},"14":{"name":"(anonymous_14)","decl":{"start":{"line":166,"column":29},"end":{"line":166,"column":30}},"loc":{"start":{"line":166,"column":49},"end":{"line":171,"column":1}},"line":166},"15":{"name":"(anonymous_15)","decl":{"start":{"line":173,"column":30},"end":{"line":173,"column":31}},"loc":{"start":{"line":173,"column":50},"end":{"line":178,"column":1}},"line":173},"16":{"name":"(anonymous_16)","decl":{"start":{"line":180,"column":33},"end":{"line":180,"column":34}},"loc":{"start":{"line":180,"column":53},"end":{"line":185,"column":1}},"line":180},"17":{"name":"(anonymous_17)","decl":{"start":{"line":187,"column":36},"end":{"line":187,"column":37}},"loc":{"start":{"line":187,"column":56},"end":{"line":192,"column":1}},"line":187},"18":{"name":"(anonymous_18)","decl":{"start":{"line":195,"column":29},"end":{"line":195,"column":30}},"loc":{"start":{"line":195,"column":49},"end":{"line":200,"column":1}},"line":195},"19":{"name":"(anonymous_19)","decl":{"start":{"line":202,"column":30},"end":{"line":202,"column":31}},"loc":{"start":{"line":202,"column":50},"end":{"line":207,"column":1}},"line":202},"20":{"name":"(anonymous_20)","decl":{"start":{"line":209,"column":33},"end":{"line":209,"column":34}},"loc":{"start":{"line":209,"column":53},"end":{"line":214,"column":1}},"line":209},"21":{"name":"(anonymous_21)","decl":{"start":{"line":216,"column":36},"end":{"line":216,"column":37}},"loc":{"start":{"line":216,"column":56},"end":{"line":221,"column":1}},"line":216},"22":{"name":"(anonymous_22)","decl":{"start":{"line":224,"column":32},"end":{"line":224,"column":33}},"loc":{"start":{"line":224,"column":52},"end":{"line":239,"column":1}},"line":224},"23":{"name":"(anonymous_23)","decl":{"start":{"line":231,"column":38},"end":{"line":231,"column":39}},"loc":{"start":{"line":231,"column":43},"end":{"line":231,"column":59}},"line":231},"24":{"name":"(anonymous_24)","decl":{"start":{"line":244,"column":21},"end":{"line":244,"column":22}},"loc":{"start":{"line":244,"column":27},"end":{"line":246,"column":5}},"line":244}},"branchMap":{"0":{"loc":{"start":{"line":13,"column":13},"end":{"line":13,"column":37}},"type":"binary-expr","locations":[{"start":{"line":13,"column":13},"end":{"line":13,"column":29}},{"start":{"line":13,"column":33},"end":{"line":13,"column":37}}],"line":13},"1":{"loc":{"start":{"line":14,"column":19},"end":{"line":14,"column":72}},"type":"binary-expr","locations":[{"start":{"line":14,"column":19},"end":{"line":14,"column":41}},{"start":{"line":14,"column":45},"end":{"line":14,"column":72}}],"line":14},"2":{"loc":{"start":{"line":35,"column":20},"end":{"line":35,"column":83}},"type":"binary-expr","locations":[{"start":{"line":35,"column":20},"end":{"line":35,"column":43}},{"start":{"line":35,"column":47},"end":{"line":35,"column":83}}],"line":35},"3":{"loc":{"start":{"line":87,"column":8},"end":{"line":87,"column":104}},"type":"if","locations":[{"start":{"line":87,"column":8},"end":{"line":87,"column":104}},{"start":{},"end":{}}],"line":87},"4":{"loc":{"start":{"line":103,"column":8},"end":{"line":103,"column":88}},"type":"if","locations":[{"start":{"line":103,"column":8},"end":{"line":103,"column":88}},{"start":{},"end":{}}],"line":103},"5":{"loc":{"start":{"line":106,"column":8},"end":{"line":106,"column":91}},"type":"if","locations":[{"start":{"line":106,"column":8},"end":{"line":106,"column":91}},{"start":{},"end":{}}],"line":106},"6":{"loc":{"start":{"line":121,"column":17},"end":{"line":121,"column":31}},"type":"binary-expr","locations":[{"start":{"line":121,"column":17},"end":{"line":121,"column":25}},{"start":{"line":121,"column":29},"end":{"line":121,"column":31}}],"line":121},"7":{"loc":{"start":{"line":229,"column":8},"end":{"line":229,"column":59}},"type":"if","locations":[{"start":{"line":229,"column":8},"end":{"line":229,"column":59}},{"start":{},"end":{}}],"line":229},"8":{"loc":{"start":{"line":232,"column":8},"end":{"line":232,"column":61}},"type":"if","locations":[{"start":{"line":232,"column":8},"end":{"line":232,"column":61}},{"start":{},"end":{}}],"line":232},"9":{"loc":{"start":{"line":243,"column":0},"end":{"line":247,"column":1}},"type":"if","locations":[{"start":{"line":243,"column":0},"end":{"line":247,"column":1}},{"start":{},"end":{}}],"line":243}},"s":{"0":1,"1":1,"2":1,"3":1,"4":1,"5":1,"6":1,"7":1,"8":1,"9":1,"10":1,"11":1,"12":1,"13":1,"14":1,"15":3,"16":3,"17":1,"18":1,"19":0,"20":1,"21":1,"22":1,"23":0,"24":1,"25":1,"26":0,"27":1,"28":0,"29":1,"30":1,"31":1,"32":1,"33":1,"34":0,"35":0,"36":0,"37":0,"38":0,"39":0,"40":0,"41":0,"42":0,"43":0,"44":0,"45":1,"46":0,"47":0,"48":0,"49":0,"50":0,"51":0,"52":0,"53":0,"54":0,"55":0,"56":0,"57":1,"58":0,"59":0,"60":0,"61":0,"62":1,"63":0,"64":0,"65":0,"66":0,"67":1,"68":1,"69":1,"70":1,"71":0,"72":1,"73":0,"74":0,"75":0,"76":0,"77":1,"78":0,"79":0,"80":0,"81":0,"82":1,"83":0,"84":0,"85":0,"86":0,"87":1,"88":0,"89":0,"90":0,"91":0,"92":1,"93":1,"94":1,"95":1,"96":0,"97":1,"98":0,"99":0,"100":0,"101":0,"102":1,"103":0,"104":0,"105":0,"106":0,"107":1,"108":0,"109":0,"110":0,"111":0,"112":1,"113":0,"114":0,"115":0,"116":0,"117":1,"118":0,"119":0,"120":0,"121":0,"122":1,"123":0,"124":0,"125":0,"126":0,"127":1,"128":1,"129":1,"130":1,"131":1,"132":1,"133":0,"134":0,"135":0,"136":0,"137":0,"138":0,"139":0,"140":0,"141":1,"142":1,"143":0,"144":0},"f":{"0":3,"1":0,"2":1,"3":0,"4":0,"5":0,"6":0,"7":0,"8":0,"9":0,"10":1,"11":0,"12":0,"13":0,"14":0,"15":1,"16":0,"17":0,"18":0,"19":0,"20":0,"21":0,"22":1,"23":0,"24":0},"b":{"0":[1,1],"1":[1,1],"2":[1,1],"3":[0,0],"4":[0,0],"5":[0,0],"6":[0,0],"7":[1,0],"8":[0,0],"9":[0,1]},"_coverageSchema":"1a1c01bbd47fc00a2c39e90264f33305004495a9","hash":"7733c93b1547a993d40251d75bddd197c9db6578"}
,"/Users/bohdantytsky/Desktop/projects/3dManage/middleware/auth.js": {"path":"/Users/bohdantytsky/Desktop/projects/3dManage/middleware/auth.js","statementMap":{"0":{"start":{"line":1,"column":12},"end":{"line":1,"column":35}},"1":{"start":{"line":2,"column":19},"end":{"line":2,"column":72}},"2":{"start":{"line":4,"column":0},"end":{"line":18,"column":2}},"3":{"start":{"line":5,"column":23},"end":{"line":5,"column":48}},"4":{"start":{"line":6,"column":4},"end":{"line":8,"column":5}},"5":{"start":{"line":7,"column":8},"end":{"line":7,"column":82}},"6":{"start":{"line":10,"column":18},"end":{"line":10,"column":42}},"7":{"start":{"line":11,"column":4},"end":{"line":17,"column":5}},"8":{"start":{"line":12,"column":24},"end":{"line":12,"column":53}},"9":{"start":{"line":13,"column":8},"end":{"line":13,"column":27}},"10":{"start":{"line":14,"column":8},"end":{"line":14,"column":15}},"11":{"start":{"line":16,"column":8},"end":{"line":16,"column":77}}},"fnMap":{"0":{"name":"(anonymous_0)","decl":{"start":{"line":4,"column":17},"end":{"line":4,"column":18}},"loc":{"start":{"line":4,"column":37},"end":{"line":18,"column":1}},"line":4}},"branchMap":{"0":{"loc":{"start":{"line":2,"column":19},"end":{"line":2,"column":72}},"type":"binary-expr","locations":[{"start":{"line":2,"column":19},"end":{"line":2,"column":41}},{"start":{"line":2,"column":45},"end":{"line":2,"column":72}}],"line":2},"1":{"loc":{"start":{"line":6,"column":4},"end":{"line":8,"column":5}},"type":"if","locations":[{"start":{"line":6,"column":4},"end":{"line":8,"column":5}},{"start":{},"end":{}}],"line":6},"2":{"loc":{"start":{"line":6,"column":8},"end":{"line":6,"column":56}},"type":"binary-expr","locations":[{"start":{"line":6,"column":8},"end":{"line":6,"column":19}},{"start":{"line":6,"column":23},"end":{"line":6,"column":56}}],"line":6}},"s":{"0":1,"1":1,"2":1,"3":3,"4":3,"5":0,"6":3,"7":3,"8":3,"9":3,"10":3,"11":0},"f":{"0":3},"b":{"0":[1,1],"1":[0,3],"2":[3,3]},"_coverageSchema":"1a1c01bbd47fc00a2c39e90264f33305004495a9","hash":"07567a973ac6561dd36fb936065a05ab566fb3ad"}
,"/Users/bohdantytsky/Desktop/projects/3dManage/models/Order.js": {"path":"/Users/bohdantytsky/Desktop/projects/3dManage/models/Order.js","statementMap":{"0":{"start":{"line":1,"column":17},"end":{"line":1,"column":36}},"1":{"start":{"line":3,"column":20},"end":{"line":19,"column":24}},"2":{"start":{"line":21,"column":0},"end":{"line":21,"column":79}}},"fnMap":{},"branchMap":{"0":{"loc":{"start":{"line":21,"column":17},"end":{"line":21,"column":78}},"type":"binary-expr","locations":[{"start":{"line":21,"column":17},"end":{"line":21,"column":38}},{"start":{"line":21,"column":42},"end":{"line":21,"column":78}}],"line":21}},"s":{"0":2,"1":2,"2":2},"f":{},"b":{"0":[2,2]},"_coverageSchema":"1a1c01bbd47fc00a2c39e90264f33305004495a9","hash":"a3c5c2df550c77131298ca7a4098f06bd160787e"}
,"/Users/bohdantytsky/Desktop/projects/3dManage/models/Spool.js": {"path":"/Users/bohdantytsky/Desktop/projects/3dManage/models/Spool.js","statementMap":{"0":{"start":{"line":1,"column":17},"end":{"line":1,"column":36}},"1":{"start":{"line":3,"column":20},"end":{"line":10,"column":24}},"2":{"start":{"line":12,"column":0},"end":{"line":12,"column":79}}},"fnMap":{},"branchMap":{"0":{"loc":{"start":{"line":12,"column":17},"end":{"line":12,"column":78}},"type":"binary-expr","locations":[{"start":{"line":12,"column":17},"end":{"line":12,"column":38}},{"start":{"line":12,"column":42},"end":{"line":12,"column":78}}],"line":12}},"s":{"0":1,"1":1,"2":1},"f":{},"b":{"0":[1,1]},"_coverageSchema":"1a1c01bbd47fc00a2c39e90264f33305004495a9","hash":"9fa76d5839766c7ec418ee95642ef25dc111b8eb"}
,"/Users/bohdantytsky/Desktop/projects/3dManage/models/User.js": {"path":"/Users/bohdantytsky/Desktop/projects/3dManage/models/User.js","statementMap":{"0":{"start":{"line":1,"column":17},"end":{"line":1,"column":36}},"1":{"start":{"line":3,"column":19},"end":{"line":7,"column":24}},"2":{"start":{"line":9,"column":0},"end":{"line":9,"column":52}}},"fnMap":{},"branchMap":{},"s":{"0":1,"1":1,"2":1},"f":{},"b":{},"_coverageSchema":"1a1c01bbd47fc00a2c39e90264f33305004495a9","hash":"01873adca90212218c064d5faba7fc1d868ed045"}
,"/Users/bohdantytsky/Desktop/projects/3dManage/routes/api/analyticsRoutes.js": {"path":"/Users/bohdantytsky/Desktop/projects/3dManage/routes/api/analyticsRoutes.js","statementMap":{"0":{"start":{"line":1,"column":16},"end":{"line":1,"column":34}},"1":{"start":{"line":2,"column":15},"end":{"line":2,"column":31}},"2":{"start":{"line":3,"column":27},"end":{"line":3,"column":71}},"3":{"start":{"line":4,"column":23},"end":{"line":4,"column":64}},"4":{"start":{"line":5,"column":13},"end":{"line":5,"column":45}},"5":{"start":{"line":7,"column":0},"end":{"line":12,"column":3}},"6":{"start":{"line":8,"column":4},"end":{"line":11,"column":67}},"7":{"start":{"line":9,"column":21},"end":{"line":9,"column":81}},"8":{"start":{"line":10,"column":8},"end":{"line":10,"column":23}},"9":{"start":{"line":11,"column":20},"end":{"line":11,"column":65}},"10":{"start":{"line":14,"column":0},"end":{"line":20,"column":3}},"11":{"start":{"line":15,"column":4},"end":{"line":19,"column":67}},"12":{"start":{"line":16,"column":38},"end":{"line":16,"column":47}},"13":{"start":{"line":17,"column":21},"end":{"line":17,"column":105}},"14":{"start":{"line":18,"column":8},"end":{"line":18,"column":23}},"15":{"start":{"line":19,"column":20},"end":{"line":19,"column":65}},"16":{"start":{"line":22,"column":0},"end":{"line":22,"column":24}}},"fnMap":{"0":{"name":"(anonymous_0)","decl":{"start":{"line":7,"column":42},"end":{"line":7,"column":43}},"loc":{"start":{"line":7,"column":62},"end":{"line":12,"column":1}},"line":7},"1":{"name":"(anonymous_1)","decl":{"start":{"line":14,"column":29},"end":{"line":14,"column":30}},"loc":{"start":{"line":14,"column":49},"end":{"line":20,"column":1}},"line":14}},"branchMap":{},"s":{"0":1,"1":1,"2":1,"3":1,"4":1,"5":1,"6":0,"7":0,"8":0,"9":0,"10":1,"11":0,"12":0,"13":0,"14":0,"15":0,"16":1},"f":{"0":0,"1":0},"b":{},"_coverageSchema":"1a1c01bbd47fc00a2c39e90264f33305004495a9","hash":"d137780768b40f08ab4a562fcf03b12f2b856aa9"}
,"/Users/bohdantytsky/Desktop/projects/3dManage/services/financesService.js": {"path":"/Users/bohdantytsky/Desktop/projects/3dManage/services/financesService.js","statementMap":{"0":{"start":{"line":1,"column":14},"end":{"line":1,"column":40}},"1":{"start":{"line":4,"column":17},"end":{"line":8,"column":6}},"2":{"start":{"line":10,"column":20},"end":{"line":10,"column":72}},"3":{"start":{"line":10,"column":46},"end":{"line":10,"column":68}},"4":{"start":{"line":11,"column":25},"end":{"line":11,"column":84}},"5":{"start":{"line":11,"column":51},"end":{"line":11,"column":80}},"6":{"start":{"line":12,"column":28},"end":{"line":12,"column":90}},"7":{"start":{"line":12,"column":54},"end":{"line":12,"column":86}},"8":{"start":{"line":13,"column":25},"end":{"line":13,"column":88}},"9":{"start":{"line":13,"column":51},"end":{"line":13,"column":84}},"10":{"start":{"line":15,"column":24},"end":{"line":15,"column":79}},"11":{"start":{"line":17,"column":20},"end":{"line":17,"column":24}},"12":{"start":{"line":18,"column":16},"end":{"line":18,"column":30}},"13":{"start":{"line":19,"column":20},"end":{"line":19,"column":21}},"14":{"start":{"line":21,"column":4},"end":{"line":21,"column":51}},"15":{"start":{"line":21,"column":24},"end":{"line":21,"column":51}},"16":{"start":{"line":22,"column":4},"end":{"line":22,"column":51}},"17":{"start":{"line":22,"column":24},"end":{"line":22,"column":51}},"18":{"start":{"line":24,"column":24},"end":{"line":24,"column":39}},"19":{"start":{"line":25,"column":22},"end":{"line":25,"column":65}},"20":{"start":{"line":27,"column":4},"end":{"line":27,"column":142}},"21":{"start":{"line":30,"column":0},"end":{"line":30,"column":43}}},"fnMap":{"0":{"name":"getFinancialAnalytics","decl":{"start":{"line":3,"column":15},"end":{"line":3,"column":36}},"loc":{"start":{"line":3,"column":79},"end":{"line":28,"column":1}},"line":3},"1":{"name":"(anonymous_1)","decl":{"start":{"line":10,"column":32},"end":{"line":10,"column":33}},"loc":{"start":{"line":10,"column":46},"end":{"line":10,"column":68}},"line":10},"2":{"name":"(anonymous_2)","decl":{"start":{"line":11,"column":37},"end":{"line":11,"column":38}},"loc":{"start":{"line":11,"column":51},"end":{"line":11,"column":80}},"line":11},"3":{"name":"(anonymous_3)","decl":{"start":{"line":12,"column":40},"end":{"line":12,"column":41}},"loc":{"start":{"line":12,"column":54},"end":{"line":12,"column":86}},"line":12},"4":{"name":"(anonymous_4)","decl":{"start":{"line":13,"column":37},"end":{"line":13,"column":38}},"loc":{"start":{"line":13,"column":51},"end":{"line":13,"column":84}},"line":13}},"branchMap":{"0":{"loc":{"start":{"line":3,"column":65},"end":{"line":3,"column":77}},"type":"default-arg","locations":[{"start":{"line":3,"column":76},"end":{"line":3,"column":77}}],"line":3},"1":{"loc":{"start":{"line":10,"column":53},"end":{"line":10,"column":67}},"type":"binary-expr","locations":[{"start":{"line":10,"column":53},"end":{"line":10,"column":62}},{"start":{"line":10,"column":66},"end":{"line":10,"column":67}}],"line":10},"2":{"loc":{"start":{"line":11,"column":58},"end":{"line":11,"column":79}},"type":"binary-expr","locations":[{"start":{"line":11,"column":58},"end":{"line":11,"column":74}},{"start":{"line":11,"column":78},"end":{"line":11,"column":79}}],"line":11},"3":{"loc":{"start":{"line":12,"column":61},"end":{"line":12,"column":85}},"type":"binary-expr","locations":[{"start":{"line":12,"column":61},"end":{"line":12,"column":80}},{"start":{"line":12,"column":84},"end":{"line":12,"column":85}}],"line":12},"4":{"loc":{"start":{"line":13,"column":58},"end":{"line":13,"column":83}},"type":"binary-expr","locations":[{"start":{"line":13,"column":58},"end":{"line":13,"column":78}},{"start":{"line":13,"column":82},"end":{"line":13,"column":83}}],"line":13},"5":{"loc":{"start":{"line":21,"column":4},"end":{"line":21,"column":51}},"type":"if","locations":[{"start":{"line":21,"column":4},"end":{"line":21,"column":51}},{"start":{},"end":{}}],"line":21},"6":{"loc":{"start":{"line":22,"column":4},"end":{"line":22,"column":51}},"type":"if","locations":[{"start":{"line":22,"column":4},"end":{"line":22,"column":51}},{"start":{},"end":{}}],"line":22}},"s":{"0":2,"1":1,"2":1,"3":1,"4":1,"5":1,"6":1,"7":1,"8":1,"9":1,"10":1,"11":1,"12":1,"13":1,"14":1,"15":1,"16":1,"17":0,"18":1,"19":1,"20":1,"21":2},"f":{"0":1,"1":1,"2":1,"3":1,"4":1},"b":{"0":[1],"1":[1,0],"2":[1,0],"3":[1,0],"4":[1,0],"5":[1,0],"6":[0,1]},"_coverageSchema":"1a1c01bbd47fc00a2c39e90264f33305004495a9","hash":"87e035918d590bea20dec0beae669d6428d4e199"}
,"/Users/bohdantytsky/Desktop/projects/3dManage/services/procurementService.js": {"path":"/Users/bohdantytsky/Desktop/projects/3dManage/services/procurementService.js","statementMap":{"0":{"start":{"line":1,"column":14},"end":{"line":1,"column":40}},"1":{"start":{"line":2,"column":14},"end":{"line":2,"column":40}},"2":{"start":{"line":5,"column":26},"end":{"line":5,"column":36}},"3":{"start":{"line":6,"column":4},"end":{"line":6,"column":56}},"4":{"start":{"line":8,"column":26},"end":{"line":11,"column":6}},"5":{"start":{"line":13,"column":23},"end":{"line":16,"column":6}},"6":{"start":{"line":18,"column":19},"end":{"line":21,"column":6}},"7":{"start":{"line":23,"column":4},"end":{"line":49,"column":7}},"8":{"start":{"line":24,"column":25},"end":{"line":24,"column":43}},"9":{"start":{"line":25,"column":22},"end":{"line":25,"column":37}},"10":{"start":{"line":27,"column":31},"end":{"line":27,"column":108}},"11":{"start":{"line":27,"column":55},"end":{"line":27,"column":107}},"12":{"start":{"line":28,"column":30},"end":{"line":28,"column":84}},"13":{"start":{"line":30,"column":28},"end":{"line":30,"column":102}},"14":{"start":{"line":30,"column":49},"end":{"line":30,"column":101}},"15":{"start":{"line":31,"column":30},"end":{"line":31,"column":68}},"16":{"start":{"line":33,"column":31},"end":{"line":33,"column":78}},"17":{"start":{"line":34,"column":30},"end":{"line":34,"column":88}},"18":{"start":{"line":36,"column":21},"end":{"line":36,"column":34}},"19":{"start":{"line":37,"column":8},"end":{"line":39,"column":60}},"20":{"start":{"line":37,"column":32},"end":{"line":37,"column":55}},"21":{"start":{"line":38,"column":13},"end":{"line":39,"column":60}},"22":{"start":{"line":38,"column":37},"end":{"line":38,"column":59}},"23":{"start":{"line":39,"column":13},"end":{"line":39,"column":60}},"24":{"start":{"line":39,"column":38},"end":{"line":39,"column":60}},"25":{"start":{"line":41,"column":32},"end":{"line":41,"column":50}},"26":{"start":{"line":42,"column":34},"end":{"line":42,"column":125}},"27":{"start":{"line":44,"column":8},"end":{"line":48,"column":10}},"28":{"start":{"line":52,"column":0},"end":{"line":52,"column":44}}},"fnMap":{"0":{"name":"getProcurementForecast","decl":{"start":{"line":4,"column":15},"end":{"line":4,"column":37}},"loc":{"start":{"line":4,"column":46},"end":{"line":50,"column":1}},"line":4},"1":{"name":"(anonymous_1)","decl":{"start":{"line":23,"column":22},"end":{"line":23,"column":23}},"loc":{"start":{"line":23,"column":31},"end":{"line":49,"column":5}},"line":23},"2":{"name":"(anonymous_2)","decl":{"start":{"line":27,"column":50},"end":{"line":27,"column":51}},"loc":{"start":{"line":27,"column":55},"end":{"line":27,"column":107}},"line":27},"3":{"name":"(anonymous_3)","decl":{"start":{"line":30,"column":44},"end":{"line":30,"column":45}},"loc":{"start":{"line":30,"column":49},"end":{"line":30,"column":101}},"line":30}},"branchMap":{"0":{"loc":{"start":{"line":27,"column":55},"end":{"line":27,"column":107}},"type":"binary-expr","locations":[{"start":{"line":27,"column":55},"end":{"line":27,"column":82}},{"start":{"line":27,"column":86},"end":{"line":27,"column":107}}],"line":27},"1":{"loc":{"start":{"line":28,"column":30},"end":{"line":28,"column":84}},"type":"cond-expr","locations":[{"start":{"line":28,"column":48},"end":{"line":28,"column":77}},{"start":{"line":28,"column":81},"end":{"line":28,"column":84}}],"line":28},"2":{"loc":{"start":{"line":30,"column":49},"end":{"line":30,"column":101}},"type":"binary-expr","locations":[{"start":{"line":30,"column":49},"end":{"line":30,"column":76}},{"start":{"line":30,"column":80},"end":{"line":30,"column":101}}],"line":30},"3":{"loc":{"start":{"line":31,"column":30},"end":{"line":31,"column":68}},"type":"cond-expr","locations":[{"start":{"line":31,"column":44},"end":{"line":31,"column":64}},{"start":{"line":31,"column":67},"end":{"line":31,"column":68}}],"line":31},"4":{"loc":{"start":{"line":34,"column":30},"end":{"line":34,"column":88}},"type":"cond-expr","locations":[{"start":{"line":34,"column":51},"end":{"line":34,"column":81}},{"start":{"line":34,"column":85},"end":{"line":34,"column":88}}],"line":34},"5":{"loc":{"start":{"line":37,"column":8},"end":{"line":39,"column":60}},"type":"if","locations":[{"start":{"line":37,"column":8},"end":{"line":39,"column":60}},{"start":{"line":38,"column":13},"end":{"line":39,"column":60}}],"line":37},"6":{"loc":{"start":{"line":38,"column":13},"end":{"line":39,"column":60}},"type":"if","locations":[{"start":{"line":38,"column":13},"end":{"line":39,"column":60}},{"start":{"line":39,"column":13},"end":{"line":39,"column":60}}],"line":38},"7":{"loc":{"start":{"line":39,"column":13},"end":{"line":39,"column":60}},"type":"if","locations":[{"start":{"line":39,"column":13},"end":{"line":39,"column":60}},{"start":{},"end":{}}],"line":39},"8":{"loc":{"start":{"line":42,"column":34},"end":{"line":42,"column":125}},"type":"cond-expr","locations":[{"start":{"line":42,"column":69},"end":{"line":42,"column":121}},{"start":{"line":42,"column":124},"end":{"line":42,"column":125}}],"line":42}},"s":{"0":1,"1":1,"2":0,"3":0,"4":0,"5":0,"6":0,"7":0,"8":0,"9":0,"10":0,"11":0,"12":0,"13":0,"14":0,"15":0,"16":0,"17":0,"18":0,"19":0,"20":0,"21":0,"22":0,"23":0,"24":0,"25":0,"26":0,"27":0,"28":1},"f":{"0":0,"1":0,"2":0,"3":0},"b":{"0":[0,0],"1":[0,0],"2":[0,0],"3":[0,0],"4":[0,0],"5":[0,0],"6":[0,0],"7":[0,0],"8":[0,0]},"_coverageSchema":"1a1c01bbd47fc00a2c39e90264f33305004495a9","hash":"e6fad35dafc3fd1169b4e9cf862df9d009123978"}
}
