TN:
SF:server.js
FN:12,(anonymous_0)
FN:24,(anonymous_1)
FN:34,(anonymous_2)
FN:35,(anonymous_3)
FN:47,(anonymous_4)
FN:57,(anonymous_5)
FN:92,(anonymous_6)
FN:99,(anonymous_7)
FN:108,(anonymous_8)
FN:115,(anonymous_9)
FN:122,(anonymous_10)
FN:129,(anonymous_11)
FN:138,(anonymous_12)
FN:145,(anonymous_13)
FN:152,(anonymous_14)
FN:159,(anonymous_15)
FN:168,(anonymous_16)
FN:175,(anonymous_17)
FN:182,(anonymous_18)
FN:189,(anonymous_19)
FN:198,(anonymous_20)
FN:205,(anonymous_21)
FN:220,(anonymous_22)
FNF:23
FNH:5
FNDA:3,(anonymous_0)
FNDA:0,(anonymous_1)
FNDA:1,(anonymous_2)
FNDA:0,(anonymous_3)
FNDA:0,(anonymous_4)
FNDA:0,(anonymous_5)
FNDA:0,(anonymous_6)
FNDA:0,(anonymous_7)
FNDA:1,(anonymous_8)
FNDA:0,(anonymous_9)
FNDA:0,(anonymous_10)
FNDA:0,(anonymous_11)
FNDA:0,(anonymous_12)
FNDA:1,(anonymous_13)
FNDA:0,(anonymous_14)
FNDA:0,(anonymous_15)
FNDA:0,(anonymous_16)
FNDA:0,(anonymous_17)
FNDA:0,(anonymous_18)
FNDA:0,(anonymous_19)
FNDA:1,(anonymous_20)
FNDA:0,(anonymous_21)
FNDA:0,(anonymous_22)
DA:1,1
DA:2,1
DA:3,1
DA:4,1
DA:5,1
DA:6,1
DA:8,1
DA:9,1
DA:12,1
DA:13,3
DA:17,3
DA:21,1
DA:24,1
DA:25,0
DA:31,1
DA:33,1
DA:34,1
DA:35,0
DA:41,1
DA:46,1
DA:47,0
DA:56,1
DA:57,0
DA:63,1
DA:74,1
DA:81,1
DA:82,1
DA:83,1
DA:84,1
DA:92,1
DA:93,0
DA:94,0
DA:95,0
DA:96,0
DA:99,1
DA:100,0
DA:101,0
DA:102,0
DA:103,0
DA:108,1
DA:109,1
DA:110,1
DA:111,1
DA:112,0
DA:115,1
DA:116,0
DA:117,0
DA:118,0
DA:119,0
DA:122,1
DA:123,0
DA:124,0
DA:125,0
DA:126,0
DA:129,1
DA:130,0
DA:131,0
DA:132,0
DA:133,0
DA:138,1
DA:139,0
DA:140,0
DA:141,0
DA:142,0
DA:145,1
DA:146,1
DA:147,1
DA:148,1
DA:149,0
DA:152,1
DA:153,0
DA:154,0
DA:155,0
DA:156,0
DA:159,1
DA:160,0
DA:161,0
DA:162,0
DA:163,0
DA:168,1
DA:169,0
DA:170,0
DA:171,0
DA:172,0
DA:175,1
DA:176,0
DA:177,0
DA:178,0
DA:179,0
DA:182,1
DA:183,0
DA:184,0
DA:185,0
DA:186,0
DA:189,1
DA:190,0
DA:191,0
DA:192,0
DA:193,0
DA:198,1
DA:199,1
DA:200,1
DA:202,1
DA:203,1
DA:205,0
DA:206,0
DA:208,0
DA:210,0
DA:211,0
DA:212,0
DA:216,1
DA:219,1
DA:220,0
DA:221,0
LF:114
LH:52
BRDA:6,0,0,1
BRDA:6,0,1,1
BRDA:31,1,0,1
BRDA:31,1,1,1
BRDA:95,2,0,0
BRDA:95,2,1,0
BRDA:203,3,0,1
BRDA:203,3,1,0
BRDA:206,4,0,0
BRDA:206,4,1,0
BRDA:219,5,0,0
BRDA:219,5,1,1
BRF:12
BRH:6
end_of_record
TN:
SF:models/Order.js
FNF:0
FNH:0
DA:1,2
DA:3,2
DA:21,2
LF:3
LH:3
BRDA:21,0,0,2
BRDA:21,0,1,2
BRF:2
BRH:2
end_of_record
TN:
SF:models/Spool.js
FNF:0
FNH:0
DA:1,1
DA:3,1
DA:11,1
LF:3
LH:3
BRF:0
BRH:0
end_of_record
TN:
SF:routes/api/analyticsRoutes.js
FN:6,(anonymous_0)
FN:13,(anonymous_1)
FNF:2
FNH:0
FNDA:0,(anonymous_0)
FNDA:0,(anonymous_1)
DA:1,1
DA:2,1
DA:3,1
DA:4,1
DA:6,1
DA:7,0
DA:8,0
DA:9,0
DA:10,0
DA:13,1
DA:14,0
DA:15,0
DA:16,0
DA:17,0
DA:18,0
DA:21,1
LF:16
LH:7
BRF:0
BRH:0
end_of_record
TN:
SF:services/financesService.js
FN:3,getFinancialAnalytics
FN:7,(anonymous_1)
FN:8,(anonymous_2)
FN:9,(anonymous_3)
FN:10,(anonymous_4)
FNF:5
FNH:5
FNDA:1,getFinancialAnalytics
FNDA:1,(anonymous_1)
FNDA:1,(anonymous_2)
FNDA:1,(anonymous_3)
FNDA:1,(anonymous_4)
DA:1,2
DA:4,1
DA:7,1
DA:8,1
DA:9,1
DA:10,1
DA:12,1
DA:14,1
DA:15,1
DA:16,1
DA:18,1
DA:19,1
DA:21,1
DA:22,1
DA:24,1
DA:27,2
LF:16
LH:16
BRDA:3,0,0,0
BRDA:7,1,0,1
BRDA:7,1,1,0
BRDA:8,2,0,1
BRDA:8,2,1,0
BRDA:9,3,0,1
BRDA:9,3,1,0
BRDA:10,4,0,1
BRDA:10,4,1,0
BRDA:18,5,0,1
BRDA:18,5,1,0
BRDA:19,6,0,0
BRDA:19,6,1,1
BRF:13
BRH:6
end_of_record
TN:
SF:services/procurementService.js
FN:4,getProcurementForecast
FN:22,(anonymous_1)
FN:27,(anonymous_2)
FN:31,(anonymous_3)
FNF:4
FNH:0
FNDA:0,getProcurementForecast
FNDA:0,(anonymous_1)
FNDA:0,(anonymous_2)
FNDA:0,(anonymous_3)
DA:1,1
DA:2,1
DA:5,0
DA:6,0
DA:8,0
DA:13,0
DA:18,0
DA:22,0
DA:23,0
DA:24,0
DA:27,0
DA:28,0
DA:31,0
DA:32,0
DA:34,0
DA:35,0
DA:37,0
DA:38,0
DA:39,0
DA:40,0
DA:42,0
DA:43,0
DA:45,0
DA:53,1
LF:24
LH:3
BRDA:27,0,0,0
BRDA:27,0,1,0
BRDA:28,1,0,0
BRDA:28,1,1,0
BRDA:31,2,0,0
BRDA:31,2,1,0
BRDA:32,3,0,0
BRDA:32,3,1,0
BRDA:35,4,0,0
BRDA:35,4,1,0
BRDA:38,5,0,0
BRDA:38,5,1,0
BRDA:39,6,0,0
BRDA:39,6,1,0
BRDA:40,7,0,0
BRDA:40,7,1,0
BRDA:43,8,0,0
BRDA:43,8,1,0
BRF:18
BRH:0
end_of_record
