TN:
SF:server.js
FN:21,(anonymous_0)
FN:31,(anonymous_1)
FN:38,(anonymous_2)
FN:39,(anonymous_3)
FN:51,(anonymous_4)
FN:62,(anonymous_5)
FN:83,(anonymous_6)
FN:99,(anonymous_7)
FN:118,(anonymous_8)
FN:125,(anonymous_9)
FN:137,(anonymous_10)
FN:144,(anonymous_11)
FN:151,(anonymous_12)
FN:158,(anonymous_13)
FN:166,(anonymous_14)
FN:173,(anonymous_15)
FN:180,(anonymous_16)
FN:187,(anonymous_17)
FN:195,(anonymous_18)
FN:202,(anonymous_19)
FN:209,(anonymous_20)
FN:216,(anonymous_21)
FN:224,(anonymous_22)
FN:231,(anonymous_23)
FN:244,(anonymous_24)
FNF:25
FNH:5
FNDA:3,(anonymous_0)
FNDA:0,(anonymous_1)
FNDA:1,(anonymous_2)
FNDA:0,(anonymous_3)
FNDA:0,(anonymous_4)
FNDA:0,(anonymous_5)
FNDA:0,(anonymous_6)
FNDA:0,(anonymous_7)
FNDA:0,(anonymous_8)
FNDA:0,(anonymous_9)
FNDA:1,(anonymous_10)
FNDA:0,(anonymous_11)
FNDA:0,(anonymous_12)
FNDA:0,(anonymous_13)
FNDA:0,(anonymous_14)
FNDA:1,(anonymous_15)
FNDA:0,(anonymous_16)
FNDA:0,(anonymous_17)
FNDA:0,(anonymous_18)
FNDA:0,(anonymous_19)
FNDA:0,(anonymous_20)
FNDA:0,(anonymous_21)
FNDA:1,(anonymous_22)
FNDA:0,(anonymous_23)
FNDA:0,(anonymous_24)
DA:1,1
DA:2,1
DA:3,1
DA:4,1
DA:5,1
DA:6,1
DA:8,1
DA:9,1
DA:10,1
DA:12,1
DA:13,1
DA:14,1
DA:16,1
DA:19,1
DA:21,1
DA:22,3
DA:26,3
DA:29,1
DA:31,1
DA:32,0
DA:35,1
DA:37,1
DA:38,1
DA:39,0
DA:45,1
DA:50,1
DA:51,0
DA:61,1
DA:62,0
DA:69,1
DA:76,1
DA:77,1
DA:78,1
DA:83,1
DA:84,0
DA:85,0
DA:86,0
DA:87,0
DA:89,0
DA:90,0
DA:92,0
DA:93,0
DA:95,0
DA:96,0
DA:99,1
DA:100,0
DA:101,0
DA:102,0
DA:103,0
DA:105,0
DA:106,0
DA:108,0
DA:109,0
DA:110,0
DA:118,1
DA:119,0
DA:120,0
DA:121,0
DA:122,0
DA:125,1
DA:126,0
DA:127,0
DA:132,0
DA:133,0
DA:137,1
DA:138,1
DA:139,1
DA:140,1
DA:141,0
DA:144,1
DA:145,0
DA:146,0
DA:147,0
DA:148,0
DA:151,1
DA:152,0
DA:153,0
DA:154,0
DA:155,0
DA:158,1
DA:159,0
DA:160,0
DA:161,0
DA:162,0
DA:166,1
DA:167,0
DA:168,0
DA:169,0
DA:170,0
DA:173,1
DA:174,1
DA:175,1
DA:176,1
DA:177,0
DA:180,1
DA:181,0
DA:182,0
DA:183,0
DA:184,0
DA:187,1
DA:188,0
DA:189,0
DA:190,0
DA:191,0
DA:195,1
DA:196,0
DA:197,0
DA:198,0
DA:199,0
DA:202,1
DA:203,0
DA:204,0
DA:205,0
DA:206,0
DA:209,1
DA:210,0
DA:211,0
DA:212,0
DA:213,0
DA:216,1
DA:217,0
DA:218,0
DA:219,0
DA:220,0
DA:224,1
DA:225,1
DA:226,1
DA:228,1
DA:229,1
DA:231,0
DA:232,0
DA:234,0
DA:236,0
DA:237,0
DA:238,0
DA:241,1
DA:243,1
DA:244,0
DA:245,0
LF:139
LH:58
BRDA:13,0,0,1
BRDA:13,0,1,1
BRDA:14,1,0,1
BRDA:14,1,1,1
BRDA:35,2,0,1
BRDA:35,2,1,1
BRDA:87,3,0,0
BRDA:87,3,1,0
BRDA:103,4,0,0
BRDA:103,4,1,0
BRDA:106,5,0,0
BRDA:106,5,1,0
BRDA:121,6,0,0
BRDA:121,6,1,0
BRDA:229,7,0,1
BRDA:229,7,1,0
BRDA:232,8,0,0
BRDA:232,8,1,0
BRDA:243,9,0,0
BRDA:243,9,1,1
BRF:20
BRH:8
end_of_record
TN:
SF:middleware/auth.js
FN:4,(anonymous_0)
FNF:1
FNH:1
FNDA:3,(anonymous_0)
DA:1,1
DA:2,1
DA:4,1
DA:5,3
DA:6,3
DA:7,0
DA:10,3
DA:11,3
DA:12,3
DA:13,3
DA:14,3
DA:16,0
LF:12
LH:10
BRDA:2,0,0,1
BRDA:2,0,1,1
BRDA:6,1,0,0
BRDA:6,1,1,3
BRDA:6,2,0,3
BRDA:6,2,1,3
BRF:6
BRH:5
end_of_record
TN:
SF:models/Order.js
FNF:0
FNH:0
DA:1,2
DA:3,2
DA:21,2
LF:3
LH:3
BRDA:21,0,0,2
BRDA:21,0,1,2
BRF:2
BRH:2
end_of_record
TN:
SF:models/Spool.js
FNF:0
FNH:0
DA:1,1
DA:3,1
DA:12,1
LF:3
LH:3
BRDA:12,0,0,1
BRDA:12,0,1,1
BRF:2
BRH:2
end_of_record
TN:
SF:models/User.js
FNF:0
FNH:0
DA:1,1
DA:3,1
DA:9,1
LF:3
LH:3
BRF:0
BRH:0
end_of_record
TN:
SF:routes/api/analyticsRoutes.js
FN:7,(anonymous_0)
FN:14,(anonymous_1)
FNF:2
FNH:0
FNDA:0,(anonymous_0)
FNDA:0,(anonymous_1)
DA:1,1
DA:2,1
DA:3,1
DA:4,1
DA:5,1
DA:7,1
DA:8,0
DA:9,0
DA:10,0
DA:11,0
DA:14,1
DA:15,0
DA:16,0
DA:17,0
DA:18,0
DA:19,0
DA:22,1
LF:17
LH:8
BRF:0
BRH:0
end_of_record
TN:
SF:services/financesService.js
FN:3,getFinancialAnalytics
FN:10,(anonymous_1)
FN:11,(anonymous_2)
FN:12,(anonymous_3)
FN:13,(anonymous_4)
FNF:5
FNH:5
FNDA:1,getFinancialAnalytics
FNDA:1,(anonymous_1)
FNDA:1,(anonymous_2)
FNDA:1,(anonymous_3)
FNDA:1,(anonymous_4)
DA:1,2
DA:4,1
DA:10,1
DA:11,1
DA:12,1
DA:13,1
DA:15,1
DA:17,1
DA:18,1
DA:19,1
DA:21,1
DA:22,1
DA:24,1
DA:25,1
DA:27,1
DA:30,2
LF:16
LH:16
BRDA:3,0,0,1
BRDA:10,1,0,1
BRDA:10,1,1,0
BRDA:11,2,0,1
BRDA:11,2,1,0
BRDA:12,3,0,1
BRDA:12,3,1,0
BRDA:13,4,0,1
BRDA:13,4,1,0
BRDA:21,5,0,1
BRDA:21,5,1,0
BRDA:22,6,0,0
BRDA:22,6,1,1
BRF:13
BRH:7
end_of_record
TN:
SF:services/procurementService.js
FN:4,getProcurementForecast
FN:23,(anonymous_1)
FN:27,(anonymous_2)
FN:30,(anonymous_3)
FNF:4
FNH:0
FNDA:0,getProcurementForecast
FNDA:0,(anonymous_1)
FNDA:0,(anonymous_2)
FNDA:0,(anonymous_3)
DA:1,1
DA:2,1
DA:5,0
DA:6,0
DA:8,0
DA:13,0
DA:18,0
DA:23,0
DA:24,0
DA:25,0
DA:27,0
DA:28,0
DA:30,0
DA:31,0
DA:33,0
DA:34,0
DA:36,0
DA:37,0
DA:38,0
DA:39,0
DA:41,0
DA:42,0
DA:44,0
DA:52,1
LF:24
LH:3
BRDA:27,0,0,0
BRDA:27,0,1,0
BRDA:28,1,0,0
BRDA:28,1,1,0
BRDA:30,2,0,0
BRDA:30,2,1,0
BRDA:31,3,0,0
BRDA:31,3,1,0
BRDA:34,4,0,0
BRDA:34,4,1,0
BRDA:37,5,0,0
BRDA:37,5,1,0
BRDA:38,6,0,0
BRDA:38,6,1,0
BRDA:39,7,0,0
BRDA:39,7,1,0
BRDA:42,8,0,0
BRDA:42,8,1,0
BRF:18
BRH:0
end_of_record
